<?xml version="1.0" encoding="UTF-8"?>
<!-- Generated by org.testng.reporters.JUnitReportReporter -->
<testsuite hostname="LAPTOP-Q0TNTBHV" name="poynt.qa.automation.device.tests.terminal.TerminalCashFlow" tests="1" failures="0" timestamp="16 Dec 2019 12:15:27 GMT" time="15.537" errors="0">
  <testcase name="testcase1" time="15.537" classname="poynt.qa.automation.device.tests.terminal.TerminalCashFlow"/>
</testsuite> <!-- poynt.qa.automation.device.tests.terminal.TerminalCashFlow -->
